2019-03-27 18:14:55
<b>ewww_image_optimizer_settings_script()</b>
<b>ewww_image_optimizer_bulk_script()</b>
<b>ewww_image_optimizer_webp_script()</b>
2019-03-27 18:14:55
<b>ewww_image_optimizer_gallery_support()</b>
<b>ewww_image_optimizer_admin_init()</b>
<b>ewww_image_optimizer_cloud_init()</b>
<b>ewww_image_optimizer_upgrade()</b>
<b>ewww_image_optimizer_exec_init()</b>
<b>ewww_image_optimizer_cron_setup()</b>
<b>ewww_image_optimizer_ajax_compat_check()</b>
<b>EWWWIO_Tracking::schedule_send()</b>
testing async handling, received 949c34123cf2a4e4ce2f985135830df4a1b2adc24905f53d2fd3f5df5b162932
2019-03-27 18:14:55
<b>ewww_image_optimizer_gallery_support()</b>
<b>ewww_image_optimizer_admin_init()</b>
<b>ewww_image_optimizer_cloud_init()</b>
<b>ewww_image_optimizer_upgrade()</b>
<b>ewww_image_optimizer_enable_background_optimization()</b>
running test async handler
2019-03-27 18:14:56
<b>ewww_image_optimizer_install_table()</b>
current collation: DEFAULT CHARACTER SET utf8mb4 COLLATE utf8mb4_unicode_520_ci
upgrading table and checking collation for path, table exists
path index size: 191
images db upgrade results: 
queue db upgrade results: 
<b>ewww_image_optimizer_set_defaults()</b>
2019-03-27 18:14:57
<b>ewww_image_optimizer_settings_script()</b>
<b>ewww_image_optimizer_bulk_script()</b>
<b>ewww_image_optimizer_webp_script()</b>
2019-03-27 18:15:05
<b>ewww_image_optimizer_gallery_support()</b>
2019-03-27 18:16:37
<b>ewww_image_optimizer_gallery_support()</b>
2019-03-27 18:20:44
<b>ewww_image_optimizer_gallery_support()</b>
2019-03-27 18:20:53
<b>ewww_image_optimizer_gallery_support()</b>
2019-03-27 18:21:43
<b>ewww_image_optimizer_gallery_support()</b>
2019-03-27 18:21:49
<b>ewww_image_optimizer_gallery_support()</b>
2019-03-27 18:22:09
<b>ewww_image_optimizer_gallery_support()</b>
2019-03-27 18:23:14
<b>ewww_image_optimizer_gallery_support()</b>
2019-03-27 18:24:11
<b>ewww_image_optimizer_gallery_support()</b>
2019-03-27 18:24:15
<b>ewww_image_optimizer_gallery_support()</b>
2019-03-27 18:24:20
<b>ewww_image_optimizer_gallery_support()</b>
2019-03-27 18:24:23
<b>ewww_image_optimizer_gallery_support()</b>
2019-03-27 18:42:44
<b>ewww_image_optimizer_gallery_support()</b>
2019-03-27 18:42:46
<b>ewww_image_optimizer_gallery_support()</b>
2019-03-27 18:54:47
<b>ewww_image_optimizer_gallery_support()</b>
2019-03-27 18:59:45
<b>ewww_image_optimizer_gallery_support()</b>
2019-03-27 18:59:53
<b>ewww_image_optimizer_gallery_support()</b>
2019-03-27 18:59:56
<b>ewww_image_optimizer_gallery_support()</b>
2019-03-27 19:00:03
<b>ewww_image_optimizer_gallery_support()</b>
2019-03-27 19:00:12
<b>ewww_image_optimizer_gallery_support()</b>
